[ INFO ] [2016-02-01 23:20:16] org.springframework.boot.context.embedded.AnnotationConfigEmbeddedWebApplicationContext [960] - Closing org.springframework.boot.context.embedded.AnnotationConfigEmbeddedWebApplicationContext@6cc4cdb9: startup date [Sun Jan 31 20:01:00 CST 2016]; root of context hierarchy
[ INFO ] [2016-02-01 23:20:17] org.springframework.jmx.export.annotation.AnnotationMBeanExporter [449] - Unregistering JMX-exposed beans on shutdown
[ WARN ] [2016-02-01 23:20:17] org.springframework.beans.factory.support.DisposableBeanAdapter [364] - Invocation of destroy method 'close' failed on bean with name 'sqlSessionTemplate': java.lang.UnsupportedOperationException: Manual close is not allowed over a Spring managed SqlSession
[ INFO ] [2016-02-01 23:20:17] org.eclipse.jetty.server.ServerConnector [306] - Stopped ServerConnector@1a8304e6{HTTP/1.1}{0.0.0.0:8081}
[ INFO ] [2016-02-01 23:20:17] application [2052] - Destroying Spring FrameworkServlet 'dispatcherServlet'
[ INFO ] [2016-02-01 23:20:17] org.eclipse.jetty.server.handler.ContextHandler [865] - Stopped o.s.b.c.e.j.JettyEmbeddedWebAppContext@31120021{/,file:/Users/xiaoliguo/Desktop/dev/java/iubeier/portal-api/src/main/webapp/,UNAVAILABLE}
[ INFO ] [2016-02-01 23:20:29] com.iubeier.portal.Application [48] - Starting Application on applematoMacBook-Pro.local with PID 31982 (/Users/xiaoliguo/Desktop/dev/java/iubeier/portal-api/target/classes started by jankie in /Users/xiaoliguo/Desktop/dev/java/iubeier/portal-api)
[ INFO ] [2016-02-01 23:20:29] com.iubeier.portal.Application [666] - No active profile set, falling back to default profiles: default
[ INFO ] [2016-02-01 23:20:29] org.springframework.boot.context.embedded.AnnotationConfigEmbeddedWebApplicationContext [578] - Refreshing org.springframework.boot.context.embedded.AnnotationConfigEmbeddedWebApplicationContext@448c8166: startup date [Mon Feb 01 23:20:29 CST 2016]; root of context hierarchy
[ INFO ] [2016-02-01 23:20:32] org.springframework.beans.factory.support.DefaultListableBeanFactory [839] - Overriding bean definition for bean 'beanNameViewResolver' with a different definition: replacing [Root bean: class [null]; scope=; abstract=false; lazyInit=false; autowireMode=3; dependencyCheck=0; autowireCandidate=true; primary=false; factoryBeanName=org.springframework.boot.autoconfigure.web.ErrorMvcAutoConfiguration$WhitelabelErrorViewConfiguration; factoryMethodName=beanNameViewResolver; initMethodName=null; destroyMethodName=(inferred); defined in class path resource [org/springframework/boot/autoconfigure/web/ErrorMvcAutoConfiguration$WhitelabelErrorViewConfiguration.class]] with [Root bean: class [null]; scope=; abstract=false; lazyInit=false; autowireMode=3; dependencyCheck=0; autowireCandidate=true; primary=false; factoryBeanName=org.springframework.boot.autoconfigure.web.WebMvcAutoConfiguration$WebMvcAutoConfigurationAdapter; factoryMethodName=beanNameViewResolver; initMethodName=null; destroyMethodName=(inferred); defined in class path resource [org/springframework/boot/autoconfigure/web/WebMvcAutoConfiguration$WebMvcAutoConfigurationAdapter.class]]
[ INFO ] [2016-02-01 23:20:33] org.springframework.context.support.PostProcessorRegistrationDelegate$BeanPostProcessorChecker [328] - Bean 'mybatis.CONFIGURATION_PROPERTIES' of type [class org.mybatis.spring.boot.autoconfigure.MybatisProperties] is not eligible for getting processed by all BeanPostProcessors (for example: not eligible for auto-proxying)
[ INFO ] [2016-02-01 23:20:33] org.springframework.context.support.PostProcessorRegistrationDelegate$BeanPostProcessorChecker [328] - Bean 'org.mybatis.spring.boot.autoconfigure.MybatisAutoConfiguration' of type [class org.mybatis.spring.boot.autoconfigure.MybatisAutoConfiguration$$EnhancerBySpringCGLIB$$c95836a] is not eligible for getting processed by all BeanPostProcessors (for example: not eligible for auto-proxying)
[ INFO ] [2016-02-01 23:20:33] org.springframework.context.support.PostProcessorRegistrationDelegate$BeanPostProcessorChecker [328] - Bean 'spring.datasource.CONFIGURATION_PROPERTIES' of type [class org.springframework.boot.autoconfigure.jdbc.DataSourceProperties] is not eligible for getting processed by all BeanPostProcessors (for example: not eligible for auto-proxying)
[ INFO ] [2016-02-01 23:20:33] org.springframework.context.support.PostProcessorRegistrationDelegate$BeanPostProcessorChecker [328] - Bean 'org.springframework.boot.autoconfigure.jdbc.DataSourceAutoConfiguration$NonEmbeddedConfiguration' of type [class org.springframework.boot.autoconfigure.jdbc.DataSourceAutoConfiguration$NonEmbeddedConfiguration] is not eligible for getting processed by all BeanPostProcessors (for example: not eligible for auto-proxying)
[ INFO ] [2016-02-01 23:20:34] org.springframework.context.support.PostProcessorRegistrationDelegate$BeanPostProcessorChecker [328] - Bean 'dataSource' of type [class org.apache.tomcat.jdbc.pool.DataSource] is not eligible for getting processed by all BeanPostProcessors (for example: not eligible for auto-proxying)
[ INFO ] [2016-02-01 23:20:35] org.springframework.context.support.PostProcessorRegistrationDelegate$BeanPostProcessorChecker [328] - Bean 'sqlSessionFactory' of type [class org.apache.ibatis.session.defaults.DefaultSqlSessionFactory] is not eligible for getting processed by all BeanPostProcessors (for example: not eligible for auto-proxying)
[ INFO ] [2016-02-01 23:20:35] org.springframework.context.support.PostProcessorRegistrationDelegate$BeanPostProcessorChecker [328] - Bean 'sqlSessionTemplate' of type [class org.mybatis.spring.SqlSessionTemplate] is not eligible for getting processed by all BeanPostProcessors (for example: not eligible for auto-proxying)
[ INFO ] [2016-02-01 23:20:35] org.springframework.context.support.PostProcessorRegistrationDelegate$BeanPostProcessorChecker [328] - Bean 'nodeMapper' of type [class org.mybatis.spring.mapper.MapperFactoryBean] is not eligible for getting processed by all BeanPostProcessors (for example: not eligible for auto-proxying)
[ INFO ] [2016-02-01 23:20:35] org.springframework.context.support.PostProcessorRegistrationDelegate$BeanPostProcessorChecker [328] - Bean 'newsMapper' of type [class org.mybatis.spring.mapper.MapperFactoryBean] is not eligible for getting processed by all BeanPostProcessors (for example: not eligible for auto-proxying)
[ INFO ] [2016-02-01 23:20:35] org.springframework.context.support.PostProcessorRegistrationDelegate$BeanPostProcessorChecker [328] - Bean 'newsImageMapper' of type [class org.mybatis.spring.mapper.MapperFactoryBean] is not eligible for getting processed by all BeanPostProcessors (for example: not eligible for auto-proxying)
[ INFO ] [2016-02-01 23:20:35] org.springframework.context.support.PostProcessorRegistrationDelegate$BeanPostProcessorChecker [328] - Bean 'org.springframework.transaction.annotation.ProxyTransactionManagementConfiguration' of type [class org.springframework.transaction.annotation.ProxyTransactionManagementConfiguration$$EnhancerBySpringCGLIB$$b633983a] is not eligible for getting processed by all BeanPostProcessors (for example: not eligible for auto-proxying)
[ INFO ] [2016-02-01 23:20:36] org.springframework.boot.context.embedded.jetty.JettyEmbeddedServletContainerFactory [149] - Server initialized with port: 8081
[ INFO ] [2016-02-01 23:20:36] org.eclipse.jetty.server.Server [327] - jetty-9.2.14.v20151106
[ INFO ] [2016-02-01 23:20:36] application [2052] - Initializing Spring embedded WebApplicationContext
[ INFO ] [2016-02-01 23:20:36] org.springframework.web.context.ContextLoader [272] - Root WebApplicationContext: initialization completed in 6673 ms
[ INFO ] [2016-02-01 23:20:37] org.springframework.boot.context.embedded.ServletRegistrationBean [189] - Mapping servlet: 'dispatcherServlet' to [/]
[ INFO ] [2016-02-01 23:20:37] org.springframework.boot.context.embedded.FilterRegistrationBean [258] - Mapping filter: 'characterEncodingFilter' to: [/*]
[ INFO ] [2016-02-01 23:20:37] org.springframework.boot.context.embedded.FilterRegistrationBean [258] - Mapping filter: 'hiddenHttpMethodFilter' to: [/*]
[ INFO ] [2016-02-01 23:20:37] org.springframework.boot.context.embedded.FilterRegistrationBean [258] - Mapping filter: 'httpPutFormContentFilter' to: [/*]
[ INFO ] [2016-02-01 23:20:37] org.springframework.boot.context.embedded.FilterRegistrationBean [258] - Mapping filter: 'requestContextFilter' to: [/*]
[ INFO ] [2016-02-01 23:20:37] org.eclipse.jetty.server.handler.ContextHandler [744] - Started o.s.b.c.e.j.JettyEmbeddedWebAppContext@38cedb7d{/,file:/Users/xiaoliguo/Desktop/dev/java/iubeier/portal-api/src/main/webapp/,AVAILABLE}
[ INFO ] [2016-02-01 23:20:37] org.eclipse.jetty.server.Server [379] - Started @12981ms
[ INFO ] [2016-02-01 23:20:38] org.springframework.web.servlet.mvc.method.annotation.RequestMappingHandlerAdapter [532] - Looking for @ControllerAdvice: org.springframework.boot.context.embedded.AnnotationConfigEmbeddedWebApplicationContext@448c8166: startup date [Mon Feb 01 23:20:29 CST 2016]; root of context hierarchy
[ INFO ] [2016-02-01 23:20:38] org.springframework.web.servlet.mvc.method.annotation.RequestMappingHandlerMapping [527] - Mapped "{[/news/{id}]}" onto public com.iubeier.portal.domain.News com.iubeier.portal.controller.NewsController.getNewsById(int)
[ INFO ] [2016-02-01 23:20:38] org.springframework.web.servlet.mvc.method.annotation.RequestMappingHandlerMapping [527] - Mapped "{[/newslist/{id}/{pi}]}" onto public com.iubeier.portal.domain.comm.DataList<com.iubeier.portal.domain.News> com.iubeier.portal.controller.NewsController.getNewsesByNoteId(int,int)
[ INFO ] [2016-02-01 23:20:38] org.springframework.web.servlet.mvc.method.annotation.RequestMappingHandlerMapping [527] - Mapped "{[/newsimage/{id}]}" onto public java.util.List<com.iubeier.portal.domain.NewsImage> com.iubeier.portal.controller.NewsController.getImagesByNewsId(int)
[ INFO ] [2016-02-01 23:20:38] org.springframework.web.servlet.mvc.method.annotation.RequestMappingHandlerMapping [527] - Mapped "{[/firstnewslist/{id}/{pi}]}" onto public com.iubeier.portal.domain.comm.DataList<com.iubeier.portal.domain.News> com.iubeier.portal.controller.NewsController.getNewsesByAttributeId(int,int)
[ INFO ] [2016-02-01 23:20:38] org.springframework.web.servlet.mvc.method.annotation.RequestMappingHandlerMapping [527] - Mapped "{[/nodes/{id}]}" onto public java.util.List<com.iubeier.portal.domain.Node> com.iubeier.portal.controller.NodeController.getNodesByParentId(int)
[ INFO ] [2016-02-01 23:20:38] org.springframework.web.servlet.mvc.method.annotation.RequestMappingHandlerMapping [527] - Mapped "{[/error]}" onto public org.springframework.http.ResponseEntity<java.util.Map<java.lang.String, java.lang.Object>> org.springframework.boot.autoconfigure.web.BasicErrorController.error(javax.servlet.http.HttpServletRequest)
[ INFO ] [2016-02-01 23:20:38] org.springframework.web.servlet.mvc.method.annotation.RequestMappingHandlerMapping [527] - Mapped "{[/error],produces=[text/html]}" onto public org.springframework.web.servlet.ModelAndView org.springframework.boot.autoconfigure.web.BasicErrorController.errorHtml(javax.servlet.http.HttpServletRequest,javax.servlet.http.HttpServletResponse)
[ INFO ] [2016-02-01 23:20:38] org.springframework.web.servlet.handler.SimpleUrlHandlerMapping [341] - Mapped URL path [/webjars/**] onto handler of type [class org.springframework.web.servlet.resource.ResourceHttpRequestHandler]
[ INFO ] [2016-02-01 23:20:38] org.springframework.web.servlet.handler.SimpleUrlHandlerMapping [341] - Mapped URL path [/**] onto handler of type [class org.springframework.web.servlet.resource.ResourceHttpRequestHandler]
[ INFO ] [2016-02-01 23:20:38] org.springframework.web.servlet.handler.SimpleUrlHandlerMapping [341] - Mapped URL path [/**/favicon.ico] onto handler of type [class org.springframework.web.servlet.resource.ResourceHttpRequestHandler]
[ INFO ] [2016-02-01 23:20:39] org.springframework.jmx.export.annotation.AnnotationMBeanExporter [431] - Registering beans for JMX exposure on startup
[ INFO ] [2016-02-01 23:20:39] application [2052] - Initializing Spring FrameworkServlet 'dispatcherServlet'
[ INFO ] [2016-02-01 23:20:39] org.springframework.web.servlet.DispatcherServlet [489] - FrameworkServlet 'dispatcherServlet': initialization started
[ INFO ] [2016-02-01 23:20:39] org.springframework.web.servlet.DispatcherServlet [508] - FrameworkServlet 'dispatcherServlet': initialization completed in 43 ms
[ INFO ] [2016-02-01 23:20:39] org.eclipse.jetty.server.ServerConnector [266] - Started ServerConnector@766a52f5{HTTP/1.1}{0.0.0.0:8081}
[ INFO ] [2016-02-01 23:20:39] org.springframework.boot.context.embedded.jetty.JettyEmbeddedServletContainer [121] - Jetty started on port(s) 8081 (http/1.1)
[ INFO ] [2016-02-01 23:20:39] com.iubeier.portal.Application [57] - Started Application in 13.512 seconds (JVM running for 14.973)
[ INFO ] [2016-02-01 23:21:37] org.springframework.boot.context.embedded.AnnotationConfigEmbeddedWebApplicationContext [960] - Closing org.springframework.boot.context.embedded.AnnotationConfigEmbeddedWebApplicationContext@448c8166: startup date [Mon Feb 01 23:20:29 CST 2016]; root of context hierarchy
[ INFO ] [2016-02-01 23:21:38] org.springframework.jmx.export.annotation.AnnotationMBeanExporter [449] - Unregistering JMX-exposed beans on shutdown
[ WARN ] [2016-02-01 23:21:38] org.springframework.beans.factory.support.DisposableBeanAdapter [364] - Invocation of destroy method 'close' failed on bean with name 'sqlSessionTemplate': java.lang.UnsupportedOperationException: Manual close is not allowed over a Spring managed SqlSession
[ INFO ] [2016-02-01 23:21:38] org.eclipse.jetty.server.ServerConnector [306] - Stopped ServerConnector@766a52f5{HTTP/1.1}{0.0.0.0:8081}
[ INFO ] [2016-02-01 23:21:38] application [2052] - Destroying Spring FrameworkServlet 'dispatcherServlet'
[ INFO ] [2016-02-01 23:21:38] org.eclipse.jetty.server.handler.ContextHandler [865] - Stopped o.s.b.c.e.j.JettyEmbeddedWebAppContext@38cedb7d{/,file:/Users/xiaoliguo/Desktop/dev/java/iubeier/portal-api/src/main/webapp/,UNAVAILABLE}
[ INFO ] [2016-02-01 23:22:54] com.iubeier.portal.Application [48] - Starting Application on applematoMacBook-Pro.local with PID 31997 (/Users/xiaoliguo/Desktop/dev/java/iubeier/portal-api/target/classes started by jankie in /Users/xiaoliguo/Desktop/dev/java/iubeier/portal-api)
[ INFO ] [2016-02-01 23:22:54] com.iubeier.portal.Application [666] - No active profile set, falling back to default profiles: default
[ INFO ] [2016-02-01 23:22:54] org.springframework.boot.context.embedded.AnnotationConfigEmbeddedWebApplicationContext [578] - Refreshing org.springframework.boot.context.embedded.AnnotationConfigEmbeddedWebApplicationContext@5038d0b5: startup date [Mon Feb 01 23:22:54 CST 2016]; root of context hierarchy
[ INFO ] [2016-02-01 23:22:56] org.springframework.beans.factory.support.DefaultListableBeanFactory [839] - Overriding bean definition for bean 'beanNameViewResolver' with a different definition: replacing [Root bean: class [null]; scope=; abstract=false; lazyInit=false; autowireMode=3; dependencyCheck=0; autowireCandidate=true; primary=false; factoryBeanName=org.springframework.boot.autoconfigure.web.ErrorMvcAutoConfiguration$WhitelabelErrorViewConfiguration; factoryMethodName=beanNameViewResolver; initMethodName=null; destroyMethodName=(inferred); defined in class path resource [org/springframework/boot/autoconfigure/web/ErrorMvcAutoConfiguration$WhitelabelErrorViewConfiguration.class]] with [Root bean: class [null]; scope=; abstract=false; lazyInit=false; autowireMode=3; dependencyCheck=0; autowireCandidate=true; primary=false; factoryBeanName=org.springframework.boot.autoconfigure.web.WebMvcAutoConfiguration$WebMvcAutoConfigurationAdapter; factoryMethodName=beanNameViewResolver; initMethodName=null; destroyMethodName=(inferred); defined in class path resource [org/springframework/boot/autoconfigure/web/WebMvcAutoConfiguration$WebMvcAutoConfigurationAdapter.class]]
[ INFO ] [2016-02-01 23:22:56] org.springframework.context.support.PostProcessorRegistrationDelegate$BeanPostProcessorChecker [328] - Bean 'mybatis.CONFIGURATION_PROPERTIES' of type [class org.mybatis.spring.boot.autoconfigure.MybatisProperties] is not eligible for getting processed by all BeanPostProcessors (for example: not eligible for auto-proxying)
[ INFO ] [2016-02-01 23:22:56] org.springframework.context.support.PostProcessorRegistrationDelegate$BeanPostProcessorChecker [328] - Bean 'org.mybatis.spring.boot.autoconfigure.MybatisAutoConfiguration' of type [class org.mybatis.spring.boot.autoconfigure.MybatisAutoConfiguration$$EnhancerBySpringCGLIB$$bc5bf2a2] is not eligible for getting processed by all BeanPostProcessors (for example: not eligible for auto-proxying)
[ INFO ] [2016-02-01 23:22:57] org.springframework.context.support.PostProcessorRegistrationDelegate$BeanPostProcessorChecker [328] - Bean 'spring.datasource.CONFIGURATION_PROPERTIES' of type [class org.springframework.boot.autoconfigure.jdbc.DataSourceProperties] is not eligible for getting processed by all BeanPostProcessors (for example: not eligible for auto-proxying)
[ INFO ] [2016-02-01 23:22:57] org.springframework.context.support.PostProcessorRegistrationDelegate$BeanPostProcessorChecker [328] - Bean 'org.springframework.boot.autoconfigure.jdbc.DataSourceAutoConfiguration$NonEmbeddedConfiguration' of type [class org.springframework.boot.autoconfigure.jdbc.DataSourceAutoConfiguration$NonEmbeddedConfiguration] is not eligible for getting processed by all BeanPostProcessors (for example: not eligible for auto-proxying)
[ INFO ] [2016-02-01 23:22:58] org.springframework.context.support.PostProcessorRegistrationDelegate$BeanPostProcessorChecker [328] - Bean 'dataSource' of type [class org.apache.tomcat.jdbc.pool.DataSource] is not eligible for getting processed by all BeanPostProcessors (for example: not eligible for auto-proxying)
[ INFO ] [2016-02-01 23:22:59] org.springframework.context.support.PostProcessorRegistrationDelegate$BeanPostProcessorChecker [328] - Bean 'sqlSessionFactory' of type [class org.apache.ibatis.session.defaults.DefaultSqlSessionFactory] is not eligible for getting processed by all BeanPostProcessors (for example: not eligible for auto-proxying)
[ INFO ] [2016-02-01 23:22:59] org.springframework.context.support.PostProcessorRegistrationDelegate$BeanPostProcessorChecker [328] - Bean 'sqlSessionTemplate' of type [class org.mybatis.spring.SqlSessionTemplate] is not eligible for getting processed by all BeanPostProcessors (for example: not eligible for auto-proxying)
[ INFO ] [2016-02-01 23:22:59] org.springframework.context.support.PostProcessorRegistrationDelegate$BeanPostProcessorChecker [328] - Bean 'nodeMapper' of type [class org.mybatis.spring.mapper.MapperFactoryBean] is not eligible for getting processed by all BeanPostProcessors (for example: not eligible for auto-proxying)
[ INFO ] [2016-02-01 23:22:59] org.springframework.context.support.PostProcessorRegistrationDelegate$BeanPostProcessorChecker [328] - Bean 'newsMapper' of type [class org.mybatis.spring.mapper.MapperFactoryBean] is not eligible for getting processed by all BeanPostProcessors (for example: not eligible for auto-proxying)
[ INFO ] [2016-02-01 23:22:59] org.springframework.context.support.PostProcessorRegistrationDelegate$BeanPostProcessorChecker [328] - Bean 'newsImageMapper' of type [class org.mybatis.spring.mapper.MapperFactoryBean] is not eligible for getting processed by all BeanPostProcessors (for example: not eligible for auto-proxying)
[ INFO ] [2016-02-01 23:22:59] org.springframework.context.support.PostProcessorRegistrationDelegate$BeanPostProcessorChecker [328] - Bean 'org.springframework.transaction.annotation.ProxyTransactionManagementConfiguration' of type [class org.springframework.transaction.annotation.ProxyTransactionManagementConfiguration$$EnhancerBySpringCGLIB$$65fa0772] is not eligible for getting processed by all BeanPostProcessors (for example: not eligible for auto-proxying)
[ INFO ] [2016-02-01 23:22:59] org.springframework.boot.context.embedded.jetty.JettyEmbeddedServletContainerFactory [149] - Server initialized with port: 8081
[ INFO ] [2016-02-01 23:22:59] org.eclipse.jetty.server.Server [327] - jetty-9.2.14.v20151106
[ INFO ] [2016-02-01 23:23:00] application [2052] - Initializing Spring embedded WebApplicationContext
[ INFO ] [2016-02-01 23:23:00] org.springframework.web.context.ContextLoader [272] - Root WebApplicationContext: initialization completed in 5528 ms
[ INFO ] [2016-02-01 23:23:01] org.springframework.boot.context.embedded.ServletRegistrationBean [189] - Mapping servlet: 'dispatcherServlet' to [/]
[ INFO ] [2016-02-01 23:23:01] org.springframework.boot.context.embedded.FilterRegistrationBean [258] - Mapping filter: 'characterEncodingFilter' to: [/*]
[ INFO ] [2016-02-01 23:23:01] org.springframework.boot.context.embedded.FilterRegistrationBean [258] - Mapping filter: 'hiddenHttpMethodFilter' to: [/*]
[ INFO ] [2016-02-01 23:23:01] org.springframework.boot.context.embedded.FilterRegistrationBean [258] - Mapping filter: 'httpPutFormContentFilter' to: [/*]
[ INFO ] [2016-02-01 23:23:01] org.springframework.boot.context.embedded.FilterRegistrationBean [258] - Mapping filter: 'requestContextFilter' to: [/*]
[ INFO ] [2016-02-01 23:23:01] org.eclipse.jetty.server.handler.ContextHandler [744] - Started o.s.b.c.e.j.JettyEmbeddedWebAppContext@118dcbbd{/,file:/Users/xiaoliguo/Desktop/dev/java/iubeier/portal-api/src/main/webapp/,AVAILABLE}
[ INFO ] [2016-02-01 23:23:01] org.eclipse.jetty.server.Server [379] - Started @9908ms
[ INFO ] [2016-02-01 23:23:02] org.springframework.web.servlet.mvc.method.annotation.RequestMappingHandlerAdapter [532] - Looking for @ControllerAdvice: org.springframework.boot.context.embedded.AnnotationConfigEmbeddedWebApplicationContext@5038d0b5: startup date [Mon Feb 01 23:22:54 CST 2016]; root of context hierarchy
[ INFO ] [2016-02-01 23:23:02] org.springframework.web.servlet.mvc.method.annotation.RequestMappingHandlerMapping [527] - Mapped "{[/news/{id}]}" onto public com.iubeier.portal.domain.News com.iubeier.portal.controller.NewsController.getNewsById(int)
[ INFO ] [2016-02-01 23:23:02] org.springframework.web.servlet.mvc.method.annotation.RequestMappingHandlerMapping [527] - Mapped "{[/newslist/{id}/{pi}]}" onto public com.iubeier.portal.domain.comm.DataList<com.iubeier.portal.domain.News> com.iubeier.portal.controller.NewsController.getNewsesByNoteId(int,int)
[ INFO ] [2016-02-01 23:23:02] org.springframework.web.servlet.mvc.method.annotation.RequestMappingHandlerMapping [527] - Mapped "{[/newsimage/{id}]}" onto public java.util.List<com.iubeier.portal.domain.NewsImage> com.iubeier.portal.controller.NewsController.getImagesByNewsId(int)
[ INFO ] [2016-02-01 23:23:02] org.springframework.web.servlet.mvc.method.annotation.RequestMappingHandlerMapping [527] - Mapped "{[/firstnewslist/{id}/{pi}]}" onto public com.iubeier.portal.domain.comm.DataList<com.iubeier.portal.domain.News> com.iubeier.portal.controller.NewsController.getNewsesByAttributeId(int,int)
[ INFO ] [2016-02-01 23:23:02] org.springframework.web.servlet.mvc.method.annotation.RequestMappingHandlerMapping [527] - Mapped "{[/nodes/{id}]}" onto public java.util.List<com.iubeier.portal.domain.Node> com.iubeier.portal.controller.NodeController.getNodesByParentId(int)
[ INFO ] [2016-02-01 23:23:02] org.springframework.web.servlet.mvc.method.annotation.RequestMappingHandlerMapping [527] - Mapped "{[/error]}" onto public org.springframework.http.ResponseEntity<java.util.Map<java.lang.String, java.lang.Object>> org.springframework.boot.autoconfigure.web.BasicErrorController.error(javax.servlet.http.HttpServletRequest)
[ INFO ] [2016-02-01 23:23:02] org.springframework.web.servlet.mvc.method.annotation.RequestMappingHandlerMapping [527] - Mapped "{[/error],produces=[text/html]}" onto public org.springframework.web.servlet.ModelAndView org.springframework.boot.autoconfigure.web.BasicErrorController.errorHtml(javax.servlet.http.HttpServletRequest,javax.servlet.http.HttpServletResponse)
[ INFO ] [2016-02-01 23:23:02] org.springframework.web.servlet.handler.SimpleUrlHandlerMapping [341] - Mapped URL path [/webjars/**] onto handler of type [class org.springframework.web.servlet.resource.ResourceHttpRequestHandler]
[ INFO ] [2016-02-01 23:23:02] org.springframework.web.servlet.handler.SimpleUrlHandlerMapping [341] - Mapped URL path [/**] onto handler of type [class org.springframework.web.servlet.resource.ResourceHttpRequestHandler]
[ INFO ] [2016-02-01 23:23:02] org.springframework.web.servlet.handler.SimpleUrlHandlerMapping [341] - Mapped URL path [/**/favicon.ico] onto handler of type [class org.springframework.web.servlet.resource.ResourceHttpRequestHandler]
[ INFO ] [2016-02-01 23:23:02] org.springframework.jmx.export.annotation.AnnotationMBeanExporter [431] - Registering beans for JMX exposure on startup
[ INFO ] [2016-02-01 23:23:02] application [2052] - Initializing Spring FrameworkServlet 'dispatcherServlet'
[ INFO ] [2016-02-01 23:23:02] org.springframework.web.servlet.DispatcherServlet [489] - FrameworkServlet 'dispatcherServlet': initialization started
[ INFO ] [2016-02-01 23:23:02] org.springframework.web.servlet.DispatcherServlet [508] - FrameworkServlet 'dispatcherServlet': initialization completed in 23 ms
[ INFO ] [2016-02-01 23:23:03] org.eclipse.jetty.server.ServerConnector [266] - Started ServerConnector@2b08772d{HTTP/1.1}{0.0.0.0:8081}
[ INFO ] [2016-02-01 23:23:03] org.springframework.boot.context.embedded.jetty.JettyEmbeddedServletContainer [121] - Jetty started on port(s) 8081 (http/1.1)
[ INFO ] [2016-02-01 23:23:03] com.iubeier.portal.Application [57] - Started Application in 10.301 seconds (JVM running for 11.258)
[ INFO ] [2016-02-01 23:23:50] org.springframework.boot.context.embedded.AnnotationConfigEmbeddedWebApplicationContext [960] - Closing org.springframework.boot.context.embedded.AnnotationConfigEmbeddedWebApplicationContext@5038d0b5: startup date [Mon Feb 01 23:22:54 CST 2016]; root of context hierarchy
[ INFO ] [2016-02-01 23:23:50] org.springframework.jmx.export.annotation.AnnotationMBeanExporter [449] - Unregistering JMX-exposed beans on shutdown
[ WARN ] [2016-02-01 23:23:50] org.springframework.beans.factory.support.DisposableBeanAdapter [364] - Invocation of destroy method 'close' failed on bean with name 'sqlSessionTemplate': java.lang.UnsupportedOperationException: Manual close is not allowed over a Spring managed SqlSession
[ INFO ] [2016-02-01 23:23:50] org.eclipse.jetty.server.ServerConnector [306] - Stopped ServerConnector@2b08772d{HTTP/1.1}{0.0.0.0:8081}
[ INFO ] [2016-02-01 23:23:50] application [2052] - Destroying Spring FrameworkServlet 'dispatcherServlet'
[ INFO ] [2016-02-01 23:23:50] org.eclipse.jetty.server.handler.ContextHandler [865] - Stopped o.s.b.c.e.j.JettyEmbeddedWebAppContext@118dcbbd{/,file:/Users/xiaoliguo/Desktop/dev/java/iubeier/portal-api/src/main/webapp/,UNAVAILABLE}
[ INFO ] [2016-02-01 23:23:55] com.iubeier.portal.Application [48] - Starting Application on applematoMacBook-Pro.local with PID 32003 (/Users/xiaoliguo/Desktop/dev/java/iubeier/portal-api/target/classes started by jankie in /Users/xiaoliguo/Desktop/dev/java/iubeier/portal-api)
[ INFO ] [2016-02-01 23:23:55] com.iubeier.portal.Application [666] - No active profile set, falling back to default profiles: default
[ INFO ] [2016-02-01 23:23:55] org.springframework.boot.context.embedded.AnnotationConfigEmbeddedWebApplicationContext [578] - Refreshing org.springframework.boot.context.embedded.AnnotationConfigEmbeddedWebApplicationContext@6bb4dd34: startup date [Mon Feb 01 23:23:55 CST 2016]; root of context hierarchy
[ INFO ] [2016-02-01 23:23:56] org.springframework.beans.factory.support.DefaultListableBeanFactory [839] - Overriding bean definition for bean 'beanNameViewResolver' with a different definition: replacing [Root bean: class [null]; scope=; abstract=false; lazyInit=false; autowireMode=3; dependencyCheck=0; autowireCandidate=true; primary=false; factoryBeanName=org.springframework.boot.autoconfigure.web.ErrorMvcAutoConfiguration$WhitelabelErrorViewConfiguration; factoryMethodName=beanNameViewResolver; initMethodName=null; destroyMethodName=(inferred); defined in class path resource [org/springframework/boot/autoconfigure/web/ErrorMvcAutoConfiguration$WhitelabelErrorViewConfiguration.class]] with [Root bean: class [null]; scope=; abstract=false; lazyInit=false; autowireMode=3; dependencyCheck=0; autowireCandidate=true; primary=false; factoryBeanName=org.springframework.boot.autoconfigure.web.WebMvcAutoConfiguration$WebMvcAutoConfigurationAdapter; factoryMethodName=beanNameViewResolver; initMethodName=null; destroyMethodName=(inferred); defined in class path resource [org/springframework/boot/autoconfigure/web/WebMvcAutoConfiguration$WebMvcAutoConfigurationAdapter.class]]
[ INFO ] [2016-02-01 23:23:57] org.springframework.context.support.PostProcessorRegistrationDelegate$BeanPostProcessorChecker [328] - Bean 'mybatis.CONFIGURATION_PROPERTIES' of type [class org.mybatis.spring.boot.autoconfigure.MybatisProperties] is not eligible for getting processed by all BeanPostProcessors (for example: not eligible for auto-proxying)
[ INFO ] [2016-02-01 23:23:57] org.springframework.context.support.PostProcessorRegistrationDelegate$BeanPostProcessorChecker [328] - Bean 'org.mybatis.spring.boot.autoconfigure.MybatisAutoConfiguration' of type [class org.mybatis.spring.boot.autoconfigure.MybatisAutoConfiguration$$EnhancerBySpringCGLIB$$e3adc6f3] is not eligible for getting processed by all BeanPostProcessors (for example: not eligible for auto-proxying)
[ INFO ] [2016-02-01 23:23:57] org.springframework.context.support.PostProcessorRegistrationDelegate$BeanPostProcessorChecker [328] - Bean 'spring.datasource.CONFIGURATION_PROPERTIES' of type [class org.springframework.boot.autoconfigure.jdbc.DataSourceProperties] is not eligible for getting processed by all BeanPostProcessors (for example: not eligible for auto-proxying)
[ INFO ] [2016-02-01 23:23:57] org.springframework.context.support.PostProcessorRegistrationDelegate$BeanPostProcessorChecker [328] - Bean 'org.springframework.boot.autoconfigure.jdbc.DataSourceAutoConfiguration$NonEmbeddedConfiguration' of type [class org.springframework.boot.autoconfigure.jdbc.DataSourceAutoConfiguration$NonEmbeddedConfiguration] is not eligible for getting processed by all BeanPostProcessors (for example: not eligible for auto-proxying)
[ INFO ] [2016-02-01 23:23:59] org.springframework.context.support.PostProcessorRegistrationDelegate$BeanPostProcessorChecker [328] - Bean 'dataSource' of type [class org.apache.tomcat.jdbc.pool.DataSource] is not eligible for getting processed by all BeanPostProcessors (for example: not eligible for auto-proxying)
[ INFO ] [2016-02-01 23:23:59] org.springframework.context.support.PostProcessorRegistrationDelegate$BeanPostProcessorChecker [328] - Bean 'sqlSessionFactory' of type [class org.apache.ibatis.session.defaults.DefaultSqlSessionFactory] is not eligible for getting processed by all BeanPostProcessors (for example: not eligible for auto-proxying)
[ INFO ] [2016-02-01 23:23:59] org.springframework.context.support.PostProcessorRegistrationDelegate$BeanPostProcessorChecker [328] - Bean 'sqlSessionTemplate' of type [class org.mybatis.spring.SqlSessionTemplate] is not eligible for getting processed by all BeanPostProcessors (for example: not eligible for auto-proxying)
[ INFO ] [2016-02-01 23:23:59] org.springframework.context.support.PostProcessorRegistrationDelegate$BeanPostProcessorChecker [328] - Bean 'nodeMapper' of type [class org.mybatis.spring.mapper.MapperFactoryBean] is not eligible for getting processed by all BeanPostProcessors (for example: not eligible for auto-proxying)
[ INFO ] [2016-02-01 23:23:59] org.springframework.context.support.PostProcessorRegistrationDelegate$BeanPostProcessorChecker [328] - Bean 'newsMapper' of type [class org.mybatis.spring.mapper.MapperFactoryBean] is not eligible for getting processed by all BeanPostProcessors (for example: not eligible for auto-proxying)
[ INFO ] [2016-02-01 23:23:59] org.springframework.context.support.PostProcessorRegistrationDelegate$BeanPostProcessorChecker [328] - Bean 'newsImageMapper' of type [class org.mybatis.spring.mapper.MapperFactoryBean] is not eligible for getting processed by all BeanPostProcessors (for example: not eligible for auto-proxying)
[ INFO ] [2016-02-01 23:23:59] org.springframework.context.support.PostProcessorRegistrationDelegate$BeanPostProcessorChecker [328] - Bean 'org.springframework.transaction.annotation.ProxyTransactionManagementConfiguration' of type [class org.springframework.transaction.annotation.ProxyTransactionManagementConfiguration$$EnhancerBySpringCGLIB$$8d4bdbc3] is not eligible for getting processed by all BeanPostProcessors (for example: not eligible for auto-proxying)
[ INFO ] [2016-02-01 23:24:00] org.springframework.boot.context.embedded.jetty.JettyEmbeddedServletContainerFactory [149] - Server initialized with port: 8081
[ INFO ] [2016-02-01 23:24:00] org.eclipse.jetty.server.Server [327] - jetty-9.2.14.v20151106
[ INFO ] [2016-02-01 23:24:00] application [2052] - Initializing Spring embedded WebApplicationContext
[ INFO ] [2016-02-01 23:24:00] org.springframework.web.context.ContextLoader [272] - Root WebApplicationContext: initialization completed in 4892 ms
[ INFO ] [2016-02-01 23:24:01] org.springframework.boot.context.embedded.ServletRegistrationBean [189] - Mapping servlet: 'dispatcherServlet' to [/]
[ INFO ] [2016-02-01 23:24:01] org.springframework.boot.context.embedded.FilterRegistrationBean [258] - Mapping filter: 'characterEncodingFilter' to: [/*]
[ INFO ] [2016-02-01 23:24:01] org.springframework.boot.context.embedded.FilterRegistrationBean [258] - Mapping filter: 'hiddenHttpMethodFilter' to: [/*]
[ INFO ] [2016-02-01 23:24:01] org.springframework.boot.context.embedded.FilterRegistrationBean [258] - Mapping filter: 'httpPutFormContentFilter' to: [/*]
[ INFO ] [2016-02-01 23:24:01] org.springframework.boot.context.embedded.FilterRegistrationBean [258] - Mapping filter: 'requestContextFilter' to: [/*]
[ INFO ] [2016-02-01 23:24:01] org.eclipse.jetty.server.handler.ContextHandler [744] - Started o.s.b.c.e.j.JettyEmbeddedWebAppContext@7f973a14{/,file:/Users/xiaoliguo/Desktop/dev/java/iubeier/portal-api/src/main/webapp/,AVAILABLE}
[ INFO ] [2016-02-01 23:24:01] org.eclipse.jetty.server.Server [379] - Started @9063ms
[ INFO ] [2016-02-01 23:24:02] org.springframework.web.servlet.mvc.method.annotation.RequestMappingHandlerAdapter [532] - Looking for @ControllerAdvice: org.springframework.boot.context.embedded.AnnotationConfigEmbeddedWebApplicationContext@6bb4dd34: startup date [Mon Feb 01 23:23:55 CST 2016]; root of context hierarchy
[ INFO ] [2016-02-01 23:24:02] org.springframework.web.servlet.mvc.method.annotation.RequestMappingHandlerMapping [527] - Mapped "{[/news/{id}]}" onto public com.iubeier.portal.domain.News com.iubeier.portal.controller.NewsController.getNewsById(int)
[ INFO ] [2016-02-01 23:24:02] org.springframework.web.servlet.mvc.method.annotation.RequestMappingHandlerMapping [527] - Mapped "{[/newslist/{id}/{pi}]}" onto public com.iubeier.portal.domain.comm.DataList<com.iubeier.portal.domain.News> com.iubeier.portal.controller.NewsController.getNewsesByNoteId(int,int)
[ INFO ] [2016-02-01 23:24:02] org.springframework.web.servlet.mvc.method.annotation.RequestMappingHandlerMapping [527] - Mapped "{[/newsimage/{id}]}" onto public java.util.List<com.iubeier.portal.domain.NewsImage> com.iubeier.portal.controller.NewsController.getImagesByNewsId(int)
[ INFO ] [2016-02-01 23:24:02] org.springframework.web.servlet.mvc.method.annotation.RequestMappingHandlerMapping [527] - Mapped "{[/firstnewslist/{id}/{pi}]}" onto public com.iubeier.portal.domain.comm.DataList<com.iubeier.portal.domain.News> com.iubeier.portal.controller.NewsController.getNewsesByAttributeId(int,int)
[ INFO ] [2016-02-01 23:24:02] org.springframework.web.servlet.mvc.method.annotation.RequestMappingHandlerMapping [527] - Mapped "{[/nodes/{id}]}" onto public java.util.List<com.iubeier.portal.domain.Node> com.iubeier.portal.controller.NodeController.getNodesByParentId(int)
[ INFO ] [2016-02-01 23:24:02] org.springframework.web.servlet.mvc.method.annotation.RequestMappingHandlerMapping [527] - Mapped "{[/error]}" onto public org.springframework.http.ResponseEntity<java.util.Map<java.lang.String, java.lang.Object>> org.springframework.boot.autoconfigure.web.BasicErrorController.error(javax.servlet.http.HttpServletRequest)
[ INFO ] [2016-02-01 23:24:02] org.springframework.web.servlet.mvc.method.annotation.RequestMappingHandlerMapping [527] - Mapped "{[/error],produces=[text/html]}" onto public org.springframework.web.servlet.ModelAndView org.springframework.boot.autoconfigure.web.BasicErrorController.errorHtml(javax.servlet.http.HttpServletRequest,javax.servlet.http.HttpServletResponse)
[ INFO ] [2016-02-01 23:24:02] org.springframework.web.servlet.handler.SimpleUrlHandlerMapping [341] - Mapped URL path [/webjars/**] onto handler of type [class org.springframework.web.servlet.resource.ResourceHttpRequestHandler]
[ INFO ] [2016-02-01 23:24:02] org.springframework.web.servlet.handler.SimpleUrlHandlerMapping [341] - Mapped URL path [/**] onto handler of type [class org.springframework.web.servlet.resource.ResourceHttpRequestHandler]
[ INFO ] [2016-02-01 23:24:02] org.springframework.web.servlet.handler.SimpleUrlHandlerMapping [341] - Mapped URL path [/**/favicon.ico] onto handler of type [class org.springframework.web.servlet.resource.ResourceHttpRequestHandler]
[ INFO ] [2016-02-01 23:24:02] org.springframework.jmx.export.annotation.AnnotationMBeanExporter [431] - Registering beans for JMX exposure on startup
[ INFO ] [2016-02-01 23:24:02] application [2052] - Initializing Spring FrameworkServlet 'dispatcherServlet'
[ INFO ] [2016-02-01 23:24:02] org.springframework.web.servlet.DispatcherServlet [489] - FrameworkServlet 'dispatcherServlet': initialization started
[ INFO ] [2016-02-01 23:24:02] org.springframework.web.servlet.DispatcherServlet [508] - FrameworkServlet 'dispatcherServlet': initialization completed in 26 ms
[ INFO ] [2016-02-01 23:24:02] org.eclipse.jetty.server.ServerConnector [266] - Started ServerConnector@2ae5d5e6{HTTP/1.1}{0.0.0.0:8081}
[ INFO ] [2016-02-01 23:24:02] org.springframework.boot.context.embedded.jetty.JettyEmbeddedServletContainer [121] - Jetty started on port(s) 8081 (http/1.1)
[ INFO ] [2016-02-01 23:24:02] com.iubeier.portal.Application [57] - Started Application in 9.517 seconds (JVM running for 10.514)
