[ INFO ] [2016-02-15 21:53:02] com.iubeier.portal.Application [48] - Starting Application on applematoMacBook-Pro.local with PID 1468 (/Users/xiaoliguo/Desktop/dev/java/iubeier/portal-api/target/classes started by jankie in /Users/xiaoliguo/Desktop/dev/java/iubeier/portal-api)
[ INFO ] [2016-02-15 21:53:02] com.iubeier.portal.Application [666] - No active profile set, falling back to default profiles: default
[ INFO ] [2016-02-15 21:53:02] org.springframework.boot.context.embedded.AnnotationConfigEmbeddedWebApplicationContext [578] - Refreshing org.springframework.boot.context.embedded.AnnotationConfigEmbeddedWebApplicationContext@69504ae9: startup date [Mon Feb 15 21:53:02 CST 2016]; root of context hierarchy
[ INFO ] [2016-02-15 21:53:06] org.springframework.beans.factory.support.DefaultListableBeanFactory [839] - Overriding bean definition for bean 'beanNameViewResolver' with a different definition: replacing [Root bean: class [null]; scope=; abstract=false; lazyInit=false; autowireMode=3; dependencyCheck=0; autowireCandidate=true; primary=false; factoryBeanName=org.springframework.boot.autoconfigure.web.ErrorMvcAutoConfiguration$WhitelabelErrorViewConfiguration; factoryMethodName=beanNameViewResolver; initMethodName=null; destroyMethodName=(inferred); defined in class path resource [org/springframework/boot/autoconfigure/web/ErrorMvcAutoConfiguration$WhitelabelErrorViewConfiguration.class]] with [Root bean: class [null]; scope=; abstract=false; lazyInit=false; autowireMode=3; dependencyCheck=0; autowireCandidate=true; primary=false; factoryBeanName=org.springframework.boot.autoconfigure.web.WebMvcAutoConfiguration$WebMvcAutoConfigurationAdapter; factoryMethodName=beanNameViewResolver; initMethodName=null; destroyMethodName=(inferred); defined in class path resource [org/springframework/boot/autoconfigure/web/WebMvcAutoConfiguration$WebMvcAutoConfigurationAdapter.class]]
[ INFO ] [2016-02-15 21:53:08] org.springframework.context.support.PostProcessorRegistrationDelegate$BeanPostProcessorChecker [328] - Bean 'mybatis.CONFIGURATION_PROPERTIES' of type [class org.mybatis.spring.boot.autoconfigure.MybatisProperties] is not eligible for getting processed by all BeanPostProcessors (for example: not eligible for auto-proxying)
[ INFO ] [2016-02-15 21:53:08] org.springframework.context.support.PostProcessorRegistrationDelegate$BeanPostProcessorChecker [328] - Bean 'org.mybatis.spring.boot.autoconfigure.MybatisAutoConfiguration' of type [class org.mybatis.spring.boot.autoconfigure.MybatisAutoConfiguration$$EnhancerBySpringCGLIB$$7e18713] is not eligible for getting processed by all BeanPostProcessors (for example: not eligible for auto-proxying)
[ INFO ] [2016-02-15 21:53:08] org.springframework.context.support.PostProcessorRegistrationDelegate$BeanPostProcessorChecker [328] - Bean 'spring.datasource.CONFIGURATION_PROPERTIES' of type [class org.springframework.boot.autoconfigure.jdbc.DataSourceProperties] is not eligible for getting processed by all BeanPostProcessors (for example: not eligible for auto-proxying)
[ INFO ] [2016-02-15 21:53:08] org.springframework.context.support.PostProcessorRegistrationDelegate$BeanPostProcessorChecker [328] - Bean 'org.springframework.boot.autoconfigure.jdbc.DataSourceAutoConfiguration$NonEmbeddedConfiguration' of type [class org.springframework.boot.autoconfigure.jdbc.DataSourceAutoConfiguration$NonEmbeddedConfiguration] is not eligible for getting processed by all BeanPostProcessors (for example: not eligible for auto-proxying)
[ INFO ] [2016-02-15 21:53:09] org.springframework.context.support.PostProcessorRegistrationDelegate$BeanPostProcessorChecker [328] - Bean 'dataSource' of type [class org.apache.tomcat.jdbc.pool.DataSource] is not eligible for getting processed by all BeanPostProcessors (for example: not eligible for auto-proxying)
[ INFO ] [2016-02-15 21:53:11] org.springframework.context.support.PostProcessorRegistrationDelegate$BeanPostProcessorChecker [328] - Bean 'sqlSessionFactory' of type [class org.apache.ibatis.session.defaults.DefaultSqlSessionFactory] is not eligible for getting processed by all BeanPostProcessors (for example: not eligible for auto-proxying)
[ INFO ] [2016-02-15 21:53:11] org.springframework.context.support.PostProcessorRegistrationDelegate$BeanPostProcessorChecker [328] - Bean 'sqlSessionTemplate' of type [class org.mybatis.spring.SqlSessionTemplate] is not eligible for getting processed by all BeanPostProcessors (for example: not eligible for auto-proxying)
[ INFO ] [2016-02-15 21:53:11] org.springframework.context.support.PostProcessorRegistrationDelegate$BeanPostProcessorChecker [328] - Bean 'nodeMapper' of type [class org.mybatis.spring.mapper.MapperFactoryBean] is not eligible for getting processed by all BeanPostProcessors (for example: not eligible for auto-proxying)
[ INFO ] [2016-02-15 21:53:11] org.springframework.context.support.PostProcessorRegistrationDelegate$BeanPostProcessorChecker [328] - Bean 'newsMapper' of type [class org.mybatis.spring.mapper.MapperFactoryBean] is not eligible for getting processed by all BeanPostProcessors (for example: not eligible for auto-proxying)
[ INFO ] [2016-02-15 21:53:11] org.springframework.context.support.PostProcessorRegistrationDelegate$BeanPostProcessorChecker [328] - Bean 'newsImageMapper' of type [class org.mybatis.spring.mapper.MapperFactoryBean] is not eligible for getting processed by all BeanPostProcessors (for example: not eligible for auto-proxying)
[ INFO ] [2016-02-15 21:53:11] org.springframework.context.support.PostProcessorRegistrationDelegate$BeanPostProcessorChecker [328] - Bean 'org.springframework.transaction.annotation.ProxyTransactionManagementConfiguration' of type [class org.springframework.transaction.annotation.ProxyTransactionManagementConfiguration$$EnhancerBySpringCGLIB$$b17f9be3] is not eligible for getting processed by all BeanPostProcessors (for example: not eligible for auto-proxying)
[ INFO ] [2016-02-15 21:53:12] org.springframework.boot.context.embedded.jetty.JettyEmbeddedServletContainerFactory [149] - Server initialized with port: 8081
[ INFO ] [2016-02-15 21:53:12] org.eclipse.jetty.server.Server [327] - jetty-9.2.14.v20151106
[ INFO ] [2016-02-15 21:53:13] application [2052] - Initializing Spring embedded WebApplicationContext
[ INFO ] [2016-02-15 21:53:13] org.springframework.web.context.ContextLoader [272] - Root WebApplicationContext: initialization completed in 10637 ms
[ INFO ] [2016-02-15 21:53:14] org.springframework.boot.context.embedded.ServletRegistrationBean [189] - Mapping servlet: 'dispatcherServlet' to [/]
[ INFO ] [2016-02-15 21:53:14] org.springframework.boot.context.embedded.FilterRegistrationBean [258] - Mapping filter: 'characterEncodingFilter' to: [/*]
[ INFO ] [2016-02-15 21:53:14] org.springframework.boot.context.embedded.FilterRegistrationBean [258] - Mapping filter: 'hiddenHttpMethodFilter' to: [/*]
[ INFO ] [2016-02-15 21:53:14] org.springframework.boot.context.embedded.FilterRegistrationBean [258] - Mapping filter: 'httpPutFormContentFilter' to: [/*]
[ INFO ] [2016-02-15 21:53:14] org.springframework.boot.context.embedded.FilterRegistrationBean [258] - Mapping filter: 'requestContextFilter' to: [/*]
[ INFO ] [2016-02-15 21:53:14] org.eclipse.jetty.server.handler.ContextHandler [744] - Started o.s.b.c.e.j.JettyEmbeddedWebAppContext@77dba4cd{/,file:/Users/xiaoliguo/Desktop/dev/java/iubeier/portal-api/src/main/webapp/,AVAILABLE}
[ INFO ] [2016-02-15 21:53:14] org.eclipse.jetty.server.Server [379] - Started @18899ms
[ INFO ] [2016-02-15 21:53:16] org.springframework.web.servlet.mvc.method.annotation.RequestMappingHandlerAdapter [532] - Looking for @ControllerAdvice: org.springframework.boot.context.embedded.AnnotationConfigEmbeddedWebApplicationContext@69504ae9: startup date [Mon Feb 15 21:53:02 CST 2016]; root of context hierarchy
[ INFO ] [2016-02-15 21:53:16] org.springframework.web.servlet.mvc.method.annotation.RequestMappingHandlerMapping [527] - Mapped "{[/news/{id}]}" onto public com.iubeier.portal.domain.News com.iubeier.portal.controller.NewsController.getNewsById(int)
[ INFO ] [2016-02-15 21:53:16] org.springframework.web.servlet.mvc.method.annotation.RequestMappingHandlerMapping [527] - Mapped "{[/newslist/{id}/{pi}]}" onto public com.iubeier.portal.domain.comm.DataList<com.iubeier.portal.domain.News> com.iubeier.portal.controller.NewsController.getNewsesByNoteId(int,int)
[ INFO ] [2016-02-15 21:53:16] org.springframework.web.servlet.mvc.method.annotation.RequestMappingHandlerMapping [527] - Mapped "{[/newsimage/{id}]}" onto public java.util.List<com.iubeier.portal.domain.NewsImage> com.iubeier.portal.controller.NewsController.getImagesByNewsId(int)
[ INFO ] [2016-02-15 21:53:16] org.springframework.web.servlet.mvc.method.annotation.RequestMappingHandlerMapping [527] - Mapped "{[/firstnewslist/{id}/{pi}]}" onto public com.iubeier.portal.domain.comm.DataList<com.iubeier.portal.domain.News> com.iubeier.portal.controller.NewsController.getNewsesByAttributeId(int,int)
[ INFO ] [2016-02-15 21:53:16] org.springframework.web.servlet.mvc.method.annotation.RequestMappingHandlerMapping [527] - Mapped "{[/nodes/{id}]}" onto public java.util.List<com.iubeier.portal.domain.Node> com.iubeier.portal.controller.NodeController.getNodesByParentId(int)
[ INFO ] [2016-02-15 21:53:16] org.springframework.web.servlet.mvc.method.annotation.RequestMappingHandlerMapping [527] - Mapped "{[/error]}" onto public org.springframework.http.ResponseEntity<java.util.Map<java.lang.String, java.lang.Object>> org.springframework.boot.autoconfigure.web.BasicErrorController.error(javax.servlet.http.HttpServletRequest)
[ INFO ] [2016-02-15 21:53:16] org.springframework.web.servlet.mvc.method.annotation.RequestMappingHandlerMapping [527] - Mapped "{[/error],produces=[text/html]}" onto public org.springframework.web.servlet.ModelAndView org.springframework.boot.autoconfigure.web.BasicErrorController.errorHtml(javax.servlet.http.HttpServletRequest,javax.servlet.http.HttpServletResponse)
[ INFO ] [2016-02-15 21:53:16] org.springframework.web.servlet.handler.SimpleUrlHandlerMapping [341] - Mapped URL path [/webjars/**] onto handler of type [class org.springframework.web.servlet.resource.ResourceHttpRequestHandler]
[ INFO ] [2016-02-15 21:53:16] org.springframework.web.servlet.handler.SimpleUrlHandlerMapping [341] - Mapped URL path [/**] onto handler of type [class org.springframework.web.servlet.resource.ResourceHttpRequestHandler]
[ INFO ] [2016-02-15 21:53:16] org.springframework.web.servlet.handler.SimpleUrlHandlerMapping [341] - Mapped URL path [/**/favicon.ico] onto handler of type [class org.springframework.web.servlet.resource.ResourceHttpRequestHandler]
[ INFO ] [2016-02-15 21:53:17] org.springframework.jmx.export.annotation.AnnotationMBeanExporter [431] - Registering beans for JMX exposure on startup
[ INFO ] [2016-02-15 21:53:17] application [2052] - Initializing Spring FrameworkServlet 'dispatcherServlet'
[ INFO ] [2016-02-15 21:53:17] org.springframework.web.servlet.DispatcherServlet [489] - FrameworkServlet 'dispatcherServlet': initialization started
[ INFO ] [2016-02-15 21:53:17] org.springframework.web.servlet.DispatcherServlet [508] - FrameworkServlet 'dispatcherServlet': initialization completed in 45 ms
[ INFO ] [2016-02-15 21:53:17] org.eclipse.jetty.server.ServerConnector [266] - Started ServerConnector@1eb9a3ef{HTTP/1.1}{0.0.0.0:8081}
[ INFO ] [2016-02-15 21:53:17] org.springframework.boot.context.embedded.jetty.JettyEmbeddedServletContainer [121] - Jetty started on port(s) 8081 (http/1.1)
[ INFO ] [2016-02-15 21:53:17] com.iubeier.portal.Application [57] - Started Application in 17.464 seconds (JVM running for 21.564)
